<?xml version="1.0" encoding="UTF-8"?>
<testsuite name="com.haceb.runner.HacebRunner" tests="1" skipped="0" failures="0" errors="0" timestamp="2023-12-13T14:01:23" hostname="DELOSRIOS" time="73.006">
  <properties/>
  <testcase name="el usuario ingresar a la pagina de Haceb" classname="com.haceb.runner.HacebRunner" time="73.006"/>
  <system-out><![CDATA[|-- Dado que el usuario abre el navegador e ingrese al perfil y seleciona registro
|---- Abrir navegador
|---- cerrar ventana emergente
|-- Cuando el usuario ingresa a la pagina de registro haceb e ingresa los datos requeridos para el registro
|---- Seleccionar icono de usuario
|---- Seleccionar registro
|---- Seleccionar formulario
|---- Seleccionar nueva ventana
|---- completar el formulario de registro
|---- seleccionar checkbots
|---- Continuar con el registro
|---- Seleccionar pais
|---- Seleccionar Departamento
|---- Seleccionar Ciudad
|---- Seleccionar Aceptar terminos y condiciones
|-- Entonces el usuario podrá validar que se registro correctamente validando su perfil
|---- completar el formulario de registro
]]></system-out>
  <system-err><![CDATA[dic. 13, 2023 9:01:25 A. M. org.openqa.selenium.remote.RemoteWebDriver checkNonW3CCapabilities
WARNING: Support for Legacy Capabilities is deprecated; You are sending the following invalid capabilities: [prefs]; Please update to W3C Syntax: https://www.selenium.dev/blog/2022/legacy-protocol-support/
Starting Microsoft Edge WebDriver 120.0.2210.61 (50ab4bd76cf1b5ff9d6705778b6ee170df56f154) on port 44149
To submit feedback, report a bug, or suggest new features, please visit https://github.com/MicrosoftEdge/EdgeWebDriver

Only local connections are allowed.
Please see https://aka.ms/WebDriverSecurity for suggestions on keeping Microsoft Edge WebDriver safe.

Microsoft Edge WebDriver was started successfully.
dic. 13, 2023 9:01:28 A. M. org.openqa.selenium.remote.ProtocolHandshake createSession
WARNING: Support for Legacy Capabilities is deprecated; You are sending the following invalid capabilities: [prefs]; Please update to W3C Syntax: https://www.selenium.dev/blog/2022/legacy-protocol-support/
dic. 13, 2023 9:01:28 A. M. org.openqa.selenium.devtools.CdpVersionFinder findNearestMatch
WARNING: Unable to find CDP implementation matching 120
dic. 13, 2023 9:01:28 A. M. org.openqa.selenium.chromium.ChromiumDriver lambda$new$3
WARNING: Unable to find version of CDP to use for . You may need to include a dependency on a specific version of the CDP using something similar to `org.seleniumhq.selenium:selenium-devtools-v86:4.7.1` where the version ("v86") matches the version of the chromium-based browser you're using and the version number of the artifact is the same as Selenium's.
?[32m?[1m??????????????????????????????????????????????????????????????????????????????????????[0m
?[32m?[1m??[0m Share your Cucumber Report with your team at ?[36m?[1m?[4mhttps://reports.cucumber.io?[0m          ?[32m?[1m??[0m
?[32m?[1m??[0m Activate publishing with one of the following:                                    ?[32m?[1m??[0m
?[32m?[1m??[0m                                                                                   ?[32m?[1m??[0m
?[32m?[1m??[0m src/test/resources/cucumber.properties:          ?[36mcucumber.publish.enabled?[0m=?[36mtrue?[0m    ?[32m?[1m??[0m
?[32m?[1m??[0m src/test/resources/junit-platform.properties:    ?[36mcucumber.publish.enabled?[0m=?[36mtrue?[0m    ?[32m?[1m??[0m
?[32m?[1m??[0m Environment variable:                            ?[36mCUCUMBER_PUBLISH_ENABLED?[0m=?[36mtrue?[0m    ?[32m?[1m??[0m
?[32m?[1m??[0m JUnit:                                           ?[36m@CucumberOptions?[0m(publish = ?[36mtrue?[0m) ?[32m?[1m??[0m
?[32m?[1m??[0m                                                                                   ?[32m?[1m??[0m
?[32m?[1m??[0m More information at ?[36mhttps://cucumber.io/docs/cucumber/environment-variables/?[0m      ?[32m?[1m??[0m
?[32m?[1m??[0m                                                                                   ?[32m?[1m??[0m
?[32m?[1m??[0m Disable this message with one of the following:                                   ?[32m?[1m??[0m
?[32m?[1m??[0m                                                                                   ?[32m?[1m??[0m
?[32m?[1m??[0m src/test/resources/cucumber.properties:          ?[36mcucumber.publish.quiet?[0m=?[36mtrue?[0m      ?[32m?[1m??[0m
?[32m?[1m??[0m src/test/resources/junit-platform.properties:    ?[36mcucumber.publish.quiet?[0m=?[36mtrue?[0m      ?[32m?[1m??[0m
?[32m?[1m??????????????????????????????????????????????????????????????????????????????????????[0m
]]></system-err>
</testsuite>
